 
****************************************
Report : clocks
Design : SYS_TOP
Version: K-2015.06
Date   : Thu Sep 21 08:07:09 2023
****************************************

Attributes:
    d - dont_touch_network
    f - fix_hold
    p - propagated_clock
    G - generated_clock
    g - lib_generated_clock

Clock          Period   Waveform            Attrs     Sources
--------------------------------------------------------------------------------
ALU_CLK         10.00   {0 5}               G         {U0_CLK_GATE/GATED_CLK}
REF_CLK         10.00   {0 5}                         {REF_CLK}
UART_CLK       271.27   {0 135.633}                   {UART_CLK}
UART_RX_CLK    271.27   {0 135.633}         G         {RX_ClkDiv/o_div_clk}
UART_TX_CLK   8680.54   {0 4340.27}         G         {TX_ClkDiv/o_div_clk}
--------------------------------------------------------------------------------

Generated     Master         Generated      Master         Waveform
Clock         Source         Source         Clock          Modification
--------------------------------------------------------------------------------
ALU_CLK       REF_CLK        {U0_CLK_GATE/GATED_CLK}
                                            REF_CLK        divide_by(1)
UART_RX_CLK   UART_CLK       {RX_ClkDiv/o_div_clk}
                                            UART_CLK       divide_by(1)
UART_TX_CLK   UART_CLK       {TX_ClkDiv/o_div_clk}
                                            UART_CLK       divide_by(32)
--------------------------------------------------------------------------------
1
